<?xml version="1.0" encoding="UTF-8"?>
<!-- Generated by org.testng.reporters.JUnitReportReporter -->
<testsuite hostname="DESKTOP-H3UQ7ED" failures="0" tests="1" name="spicejetautomation.OpenBrowserAndNavigate" time="6.953" errors="0" timestamp="2023-10-01T08:40:43 IST" skipped="0">
  <testcase classname="spicejetautomation.OpenBrowserAndNavigate" name="openSpiceJetWebsite" time="6.953"/>
</testsuite> <!-- spicejetautomation.OpenBrowserAndNavigate -->
